2024-11-30 12:58:43,131 [myid:] - INFO  [main:o.a.z.s.q.QuorumPeerConfig@177] - Reading configuration from: /home/2023/cwang161/512/A3/apache-zookeeper-3.8.4-bin/bin/../conf/zoo-base.cfg
2024-11-30 12:58:43,137 [myid:] - INFO  [main:o.a.z.s.q.QuorumPeerConfig@440] - clientPortAddress is 0.0.0.0:21820
2024-11-30 12:58:43,138 [myid:] - INFO  [main:o.a.z.s.q.QuorumPeerConfig@444] - secureClientPort is not set
2024-11-30 12:58:43,139 [myid:] - INFO  [main:o.a.z.s.q.QuorumPeerConfig@460] - observerMasterPort is not set
2024-11-30 12:58:43,139 [myid:] - INFO  [main:o.a.z.s.q.QuorumPeerConfig@477] - metricsProvider.className is org.apache.zookeeper.metrics.impl.DefaultMetricsProvider
2024-11-30 12:58:43,159 [myid:2] - INFO  [main:o.a.z.s.DatadirCleanupManager@78] - autopurge.snapRetainCount set to 3
2024-11-30 12:58:43,159 [myid:2] - INFO  [main:o.a.z.s.DatadirCleanupManager@79] - autopurge.purgeInterval set to 0
2024-11-30 12:58:43,159 [myid:2] - INFO  [main:o.a.z.s.DatadirCleanupManager@101] - Purge task is not scheduled.
2024-11-30 12:58:43,161 [myid:2] - INFO  [main:o.a.z.j.ManagedUtil@46] - Log4j 1.2 jmx support not found; jmx disabled.
2024-11-30 12:58:43,162 [myid:2] - INFO  [main:o.a.z.s.q.QuorumPeerMain@152] - Starting quorum peer, myid=2
2024-11-30 12:58:43,179 [myid:2] - INFO  [main:o.a.z.s.ServerMetrics@64] - ServerMetrics initialized with provider org.apache.zookeeper.metrics.impl.DefaultMetricsProvider@4009e306
2024-11-30 12:58:43,185 [myid:2] - INFO  [main:o.a.z.s.a.DigestAuthenticationProvider@47] - ACL digest algorithm is: SHA1
2024-11-30 12:58:43,185 [myid:2] - INFO  [main:o.a.z.s.a.DigestAuthenticationProvider@61] - zookeeper.DigestAuthenticationProvider.enabled = true
2024-11-30 12:58:43,200 [myid:2] - INFO  [main:o.a.z.s.ServerCnxnFactory@169] - Using org.apache.zookeeper.server.NIOServerCnxnFactory as server connection factory
2024-11-30 12:58:43,202 [myid:2] - WARN  [main:o.a.z.s.ServerCnxnFactory@309] - maxCnxns is not configured, using default value 0.
2024-11-30 12:58:43,204 [myid:2] - INFO  [main:o.a.z.s.NIOServerCnxnFactory@652] - Configuring NIO connection handler with 10s sessionless connection timeout, 2 selector thread(s), 16 worker threads, and 64 kB direct buffers.
2024-11-30 12:58:43,209 [myid:2] - INFO  [main:o.a.z.s.NIOServerCnxnFactory@660] - binding to port 0.0.0.0/0.0.0.0:21820
2024-11-30 12:58:43,219 [myid:2] - INFO  [main:o.a.z.s.q.QuorumPeer@798] - zookeeper.quorumCnxnTimeoutMs=-1
2024-11-30 12:58:43,271 [myid:2] - INFO  [main:o.e.j.u.l.Log@170] - Logging initialized @735ms to org.eclipse.jetty.util.log.Slf4jLog
2024-11-30 12:58:43,375 [myid:2] - WARN  [main:o.e.j.s.h.ContextHandler@1662] - o.e.j.s.ServletContextHandler@6fa51cd4{/,null,STOPPED} contextPath ends with /*
2024-11-30 12:58:43,375 [myid:2] - WARN  [main:o.e.j.s.h.ContextHandler@1673] - Empty contextPath
2024-11-30 12:58:43,397 [myid:2] - INFO  [main:o.a.z.c.X509Util@78] - Setting -D jdk.tls.rejectClientInitiatedRenegotiation=true to disable client-initiated TLS renegotiation
2024-11-30 12:58:43,405 [myid:2] - INFO  [main:o.a.z.s.p.FileTxnSnapLog@124] - zookeeper.snapshot.trust.empty : false
2024-11-30 12:58:43,411 [myid:2] - INFO  [main:o.a.z.s.q.QuorumPeer@1764] - Local sessions disabled
2024-11-30 12:58:43,411 [myid:2] - INFO  [main:o.a.z.s.q.QuorumPeer@1775] - Local session upgrading disabled
2024-11-30 12:58:43,411 [myid:2] - INFO  [main:o.a.z.s.q.QuorumPeer@1742] - tickTime set to 2000
2024-11-30 12:58:43,412 [myid:2] - INFO  [main:o.a.z.s.q.QuorumPeer@1786] - minSessionTimeout set to 4000
2024-11-30 12:58:43,412 [myid:2] - INFO  [main:o.a.z.s.q.QuorumPeer@1797] - maxSessionTimeout set to 40000
2024-11-30 12:58:43,412 [myid:2] - INFO  [main:o.a.z.s.q.QuorumPeer@1822] - initLimit set to 10
2024-11-30 12:58:43,412 [myid:2] - INFO  [main:o.a.z.s.q.QuorumPeer@2009] - syncLimit set to 5
2024-11-30 12:58:43,413 [myid:2] - INFO  [main:o.a.z.s.q.QuorumPeer@2024] - connectToLearnerMasterLimit set to 0
2024-11-30 12:58:43,433 [myid:2] - INFO  [main:o.a.z.ZookeeperBanner@42] - 
2024-11-30 12:58:43,433 [myid:2] - INFO  [main:o.a.z.ZookeeperBanner@42] -   ______                  _                                          
2024-11-30 12:58:43,433 [myid:2] - INFO  [main:o.a.z.ZookeeperBanner@42] -  |___  /                 | |                                         
2024-11-30 12:58:43,434 [myid:2] - INFO  [main:o.a.z.ZookeeperBanner@42] -     / /    ___     ___   | | __   ___    ___   _ __     ___   _ __   
2024-11-30 12:58:43,434 [myid:2] - INFO  [main:o.a.z.ZookeeperBanner@42] -    / /    / _ \   / _ \  | |/ /  / _ \  / _ \ | '_ \   / _ \ | '__|
2024-11-30 12:58:43,434 [myid:2] - INFO  [main:o.a.z.ZookeeperBanner@42] -   / /__  | (_) | | (_) | |   <  |  __/ |  __/ | |_) | |  __/ | |    
2024-11-30 12:58:43,434 [myid:2] - INFO  [main:o.a.z.ZookeeperBanner@42] -  /_____|  \___/   \___/  |_|\_\  \___|  \___| | .__/   \___| |_|
2024-11-30 12:58:43,434 [myid:2] - INFO  [main:o.a.z.ZookeeperBanner@42] -                                               | |                     
2024-11-30 12:58:43,435 [myid:2] - INFO  [main:o.a.z.ZookeeperBanner@42] -                                               |_|                     
2024-11-30 12:58:43,435 [myid:2] - INFO  [main:o.a.z.ZookeeperBanner@42] - 
2024-11-30 12:58:43,439 [myid:2] - INFO  [main:o.a.z.Environment@98] - Server environment:zookeeper.version=3.8.4-9316c2a7a97e1666d8f4593f34dd6fc36ecc436c, built on 2024-02-12 22:16 UTC
2024-11-30 12:58:43,439 [myid:2] - INFO  [main:o.a.z.Environment@98] - Server environment:host.name=tr-open-14.cs.mcgill.ca
2024-11-30 12:58:43,439 [myid:2] - INFO  [main:o.a.z.Environment@98] - Server environment:java.version=21.0.5
2024-11-30 12:58:43,440 [myid:2] - INFO  [main:o.a.z.Environment@98] - Server environment:java.vendor=Ubuntu
2024-11-30 12:58:43,440 [myid:2] - INFO  [main:o.a.z.Environment@98] - Server environment:java.home=/usr/lib/jvm/java-21-openjdk-amd64
2024-11-30 12:58:43,440 [myid:2] - INFO  [main:o.a.z.Environment@98] - Server environment:java.class.path=/home/2023/cwang161/512/A3/apache-zookeeper-3.8.4-bin/bin/../zookeeper-server/target/classes:/home/2023/cwang161/512/A3/apache-zookeeper-3.8.4-bin/bin/../build/classes:/home/2023/cwang161/512/A3/apache-zookeeper-3.8.4-bin/bin/../zookeeper-server/target/lib/*.jar:/home/2023/cwang161/512/A3/apache-zookeeper-3.8.4-bin/bin/../build/lib/*.jar:/home/2023/cwang161/512/A3/apache-zookeeper-3.8.4-bin/bin/../lib/zookeeper-prometheus-metrics-3.8.4.jar:/home/2023/cwang161/512/A3/apache-zookeeper-3.8.4-bin/bin/../lib/zookeeper-jute-3.8.4.jar:/home/2023/cwang161/512/A3/apache-zookeeper-3.8.4-bin/bin/../lib/zookeeper-3.8.4.jar:/home/2023/cwang161/512/A3/apache-zookeeper-3.8.4-bin/bin/../lib/snappy-java-1.1.10.5.jar:/home/2023/cwang161/512/A3/apache-zookeeper-3.8.4-bin/bin/../lib/slf4j-api-1.7.30.jar:/home/2023/cwang161/512/A3/apache-zookeeper-3.8.4-bin/bin/../lib/simpleclient_servlet-0.9.0.jar:/home/2023/cwang161/512/A3/apache-zookeeper-3.8.4-bin/bin/../lib/simpleclient_hotspot-0.9.0.jar:/home/2023/cwang161/512/A3/apache-zookeeper-3.8.4-bin/bin/../lib/simpleclient_common-0.9.0.jar:/home/2023/cwang161/512/A3/apache-zookeeper-3.8.4-bin/bin/../lib/simpleclient-0.9.0.jar:/home/2023/cwang161/512/A3/apache-zookeeper-3.8.4-bin/bin/../lib/netty-transport-native-unix-common-4.1.105.Final.jar:/home/2023/cwang161/512/A3/apache-zookeeper-3.8.4-bin/bin/../lib/netty-transport-native-epoll-4.1.105.Final.jar:/home/2023/cwang161/512/A3/apache-zookeeper-3.8.4-bin/bin/../lib/netty-transport-classes-epoll-4.1.105.Final.jar:/home/2023/cwang161/512/A3/apache-zookeeper-3.8.4-bin/bin/../lib/netty-transport-4.1.105.Final.jar:/home/2023/cwang161/512/A3/apache-zookeeper-3.8.4-bin/bin/../lib/netty-resolver-4.1.105.Final.jar:/home/2023/cwang161/512/A3/apache-zookeeper-3.8.4-bin/bin/../lib/netty-handler-4.1.105.Final.jar:/home/2023/cwang161/512/A3/apache-zookeeper-3.8.4-bin/bin/../lib/netty-common-4.1.105.Final.jar:/home/2023/cwang161/512/A3/apache-zookeeper-3.8.4-bin/bin/../lib/netty-codec-4.1.105.Final.jar:/home/2023/cwang161/512/A3/apache-zookeeper-3.8.4-bin/bin/../lib/netty-buffer-4.1.105.Final.jar:/home/2023/cwang161/512/A3/apache-zookeeper-3.8.4-bin/bin/../lib/metrics-core-4.1.12.1.jar:/home/2023/cwang161/512/A3/apache-zookeeper-3.8.4-bin/bin/../lib/logback-core-1.2.13.jar:/home/2023/cwang161/512/A3/apache-zookeeper-3.8.4-bin/bin/../lib/logback-classic-1.2.13.jar:/home/2023/cwang161/512/A3/apache-zookeeper-3.8.4-bin/bin/../lib/jline-2.14.6.jar:/home/2023/cwang161/512/A3/apache-zookeeper-3.8.4-bin/bin/../lib/jetty-util-ajax-9.4.53.v20231009.jar:/home/2023/cwang161/512/A3/apache-zookeeper-3.8.4-bin/bin/../lib/jetty-util-9.4.53.v20231009.jar:/home/2023/cwang161/512/A3/apache-zookeeper-3.8.4-bin/bin/../lib/jetty-servlet-9.4.53.v20231009.jar:/home/2023/cwang161/512/A3/apache-zookeeper-3.8.4-bin/bin/../lib/jetty-server-9.4.53.v20231009.jar:/home/2023/cwang161/512/A3/apache-zookeeper-3.8.4-bin/bin/../lib/jetty-security-9.4.53.v20231009.jar:/home/2023/cwang161/512/A3/apache-zookeeper-3.8.4-bin/bin/../lib/jetty-io-9.4.53.v20231009.jar:/home/2023/cwang161/512/A3/apache-zookeeper-3.8.4-bin/bin/../lib/jetty-http-9.4.53.v20231009.jar:/home/2023/cwang161/512/A3/apache-zookeeper-3.8.4-bin/bin/../lib/javax.servlet-api-3.1.0.jar:/home/2023/cwang161/512/A3/apache-zookeeper-3.8.4-bin/bin/../lib/jackson-databind-2.15.2.jar:/home/2023/cwang161/512/A3/apache-zookeeper-3.8.4-bin/bin/../lib/jackson-core-2.15.2.jar:/home/2023/cwang161/512/A3/apache-zookeeper-3.8.4-bin/bin/../lib/jackson-annotations-2.15.2.jar:/home/2023/cwang161/512/A3/apache-zookeeper-3.8.4-bin/bin/../lib/commons-io-2.11.0.jar:/home/2023/cwang161/512/A3/apache-zookeeper-3.8.4-bin/bin/../lib/commons-cli-1.5.0.jar:/home/2023/cwang161/512/A3/apache-zookeeper-3.8.4-bin/bin/../lib/audience-annotations-0.12.0.jar:/home/2023/cwang161/512/A3/apache-zookeeper-3.8.4-bin/bin/../zookeeper-*.jar:/home/2023/cwang161/512/A3/apache-zookeeper-3.8.4-bin/bin/../zookeeper-server/src/main/resources/lib/*.jar:/home/2023/cwang161/512/A3/apache-zookeeper-3.8.4-bin/bin/../conf:
2024-11-30 12:58:43,440 [myid:2] - INFO  [main:o.a.z.Environment@98] - Server environment:java.library.path=/usr/local/pkgs/cuda/latest/lib64:/usr/local/pkgs/cuda/latest/lib64::/usr/java/packages/lib:/usr/lib/x86_64-linux-gnu/jni:/lib/x86_64-linux-gnu:/usr/lib/x86_64-linux-gnu:/usr/lib/jni:/lib:/usr/lib
2024-11-30 12:58:43,440 [myid:2] - INFO  [main:o.a.z.Environment@98] - Server environment:java.io.tmpdir=/tmp
2024-11-30 12:58:43,441 [myid:2] - INFO  [main:o.a.z.Environment@98] - Server environment:java.compiler=<NA>
2024-11-30 12:58:43,441 [myid:2] - INFO  [main:o.a.z.Environment@98] - Server environment:os.name=Linux
2024-11-30 12:58:43,441 [myid:2] - INFO  [main:o.a.z.Environment@98] - Server environment:os.arch=amd64
2024-11-30 12:58:43,441 [myid:2] - INFO  [main:o.a.z.Environment@98] - Server environment:os.version=5.15.0-126-generic
2024-11-30 12:58:43,441 [myid:2] - INFO  [main:o.a.z.Environment@98] - Server environment:user.name=cwang161
2024-11-30 12:58:43,443 [myid:2] - INFO  [main:o.a.z.Environment@98] - Server environment:user.home=/home/2023/cwang161
2024-11-30 12:58:43,443 [myid:2] - INFO  [main:o.a.z.Environment@98] - Server environment:user.dir=/home/2023/cwang161/512/A3/apache-zookeeper-3.8.4-bin/tr-open-14
2024-11-30 12:58:43,443 [myid:2] - INFO  [main:o.a.z.Environment@98] - Server environment:os.memory.free=118MB
2024-11-30 12:58:43,443 [myid:2] - INFO  [main:o.a.z.Environment@98] - Server environment:os.memory.max=1000MB
2024-11-30 12:58:43,444 [myid:2] - INFO  [main:o.a.z.Environment@98] - Server environment:os.memory.total=126MB
2024-11-30 12:58:43,444 [myid:2] - INFO  [main:o.a.z.s.ZooKeeperServer@140] - zookeeper.enableEagerACLCheck = false
2024-11-30 12:58:43,444 [myid:2] - INFO  [main:o.a.z.s.ZooKeeperServer@153] - zookeeper.digest.enabled = true
2024-11-30 12:58:43,445 [myid:2] - INFO  [main:o.a.z.s.ZooKeeperServer@157] - zookeeper.closeSessionTxn.enabled = true
2024-11-30 12:58:43,446 [myid:2] - INFO  [main:o.a.z.s.ZooKeeperServer@1510] - zookeeper.flushDelay = 0 ms
2024-11-30 12:58:43,446 [myid:2] - INFO  [main:o.a.z.s.ZooKeeperServer@1519] - zookeeper.maxWriteQueuePollTime = 0 ms
2024-11-30 12:58:43,446 [myid:2] - INFO  [main:o.a.z.s.ZooKeeperServer@1528] - zookeeper.maxBatchSize=1000
2024-11-30 12:58:43,446 [myid:2] - INFO  [main:o.a.z.s.ZooKeeperServer@275] - zookeeper.intBufferStartingSizeBytes = 1024
2024-11-30 12:58:43,452 [myid:2] - INFO  [main:o.a.z.s.w.WatchManagerFactory@42] - Using org.apache.zookeeper.server.watch.WatchManager as watch manager
2024-11-30 12:58:43,452 [myid:2] - INFO  [main:o.a.z.s.w.WatchManagerFactory@42] - Using org.apache.zookeeper.server.watch.WatchManager as watch manager
2024-11-30 12:58:43,452 [myid:2] - INFO  [main:o.a.z.s.ZKDatabase@132] - zookeeper.snapshotSizeFactor = 0.33
2024-11-30 12:58:43,453 [myid:2] - INFO  [main:o.a.z.s.ZKDatabase@152] - zookeeper.commitLogCount=500
2024-11-30 12:58:43,459 [myid:2] - INFO  [main:o.a.z.s.q.QuorumPeer@2088] - Using insecure (non-TLS) quorum communication
2024-11-30 12:58:43,459 [myid:2] - INFO  [main:o.a.z.s.q.QuorumPeer@2094] - Port unification disabled
2024-11-30 12:58:43,459 [myid:2] - INFO  [main:o.a.z.s.q.QuorumPeer@181] - multiAddress.enabled set to false
2024-11-30 12:58:43,459 [myid:2] - INFO  [main:o.a.z.s.q.QuorumPeer@206] - multiAddress.reachabilityCheckEnabled set to true
2024-11-30 12:58:43,460 [myid:2] - INFO  [main:o.a.z.s.q.QuorumPeer@193] - multiAddress.reachabilityCheckTimeoutMs set to 1000
2024-11-30 12:58:43,460 [myid:2] - INFO  [main:o.a.z.s.q.QuorumPeer@2549] - QuorumPeer communication is not secured! (SASL auth disabled)
2024-11-30 12:58:43,460 [myid:2] - INFO  [main:o.a.z.s.q.QuorumPeer@2574] - quorum.cnxn.threads.size set to 20
2024-11-30 12:58:43,466 [myid:2] - INFO  [main:o.a.z.s.p.SnapStream@61] - zookeeper.snapshot.compression.method = CHECKED
2024-11-30 12:58:43,494 [myid:2] - INFO  [main:o.a.z.s.p.FileSnap@85] - Reading snapshot ./data/version-2/snapshot.100000004
2024-11-30 12:58:43,498 [myid:2] - INFO  [main:o.a.z.s.DataTree@1717] - The digest in the snapshot has digest version of 2, with zxid as 0x100000004, and digest value as 7904192897
2024-11-30 12:58:43,508 [myid:2] - INFO  [main:o.a.z.s.ZKDatabase@289] - Snapshot loaded in 49 ms, highest zxid is 0x100000004, digest is 7904192897
2024-11-30 12:58:43,517 [myid:2] - INFO  [main:o.e.j.s.Server@375] - jetty-9.4.53.v20231009; built: 2023-10-09T12:29:09.265Z; git: 27bde00a0b95a1d5bbee0eae7984f891d2d0f8c9; jvm 21.0.5+11-Ubuntu-1ubuntu122.04
2024-11-30 12:58:43,546 [myid:2] - INFO  [main:o.e.j.s.s.DefaultSessionIdManager@334] - DefaultSessionIdManager workerName=node0
2024-11-30 12:58:43,546 [myid:2] - INFO  [main:o.e.j.s.s.DefaultSessionIdManager@339] - No SessionScavenger set, using defaults
2024-11-30 12:58:43,547 [myid:2] - INFO  [main:o.e.j.s.s.HouseKeeper@132] - node0 Scavenging every 660000ms
2024-11-30 12:58:43,550 [myid:2] - WARN  [main:o.e.j.s.ConstraintSecurityHandler@759] - ServletContext@o.e.j.s.ServletContextHandler@6fa51cd4{/,null,STARTING} has uncovered http methods for path: /*
2024-11-30 12:58:43,559 [myid:2] - INFO  [main:o.e.j.s.h.ContextHandler@921] - Started o.e.j.s.ServletContextHandler@6fa51cd4{/,null,AVAILABLE}
2024-11-30 12:58:43,561 [myid:2] - WARN  [main:o.a.z.s.q.QuorumPeer@1137] - Problem starting AdminServer
org.apache.zookeeper.server.admin.AdminServer$AdminServerException: Problem starting AdminServer on address 0.0.0.0, port 8080 and command URL /commands
	at org.apache.zookeeper.server.admin.JettyAdminServer.start(JettyAdminServer.java:194)
	at org.apache.zookeeper.server.quorum.QuorumPeer.start(QuorumPeer.java:1135)
	at org.apache.zookeeper.server.quorum.QuorumPeerMain.runFromConfig(QuorumPeerMain.java:229)
	at org.apache.zookeeper.server.quorum.QuorumPeerMain.initializeAndRun(QuorumPeerMain.java:137)
	at org.apache.zookeeper.server.quorum.QuorumPeerMain.main(QuorumPeerMain.java:91)
Caused by: java.io.IOException: Failed to bind to /0.0.0.0:8080
	at org.eclipse.jetty.server.ServerConnector.openAcceptChannel(ServerConnector.java:349)
	at org.eclipse.jetty.server.ServerConnector.open(ServerConnector.java:310)
	at org.eclipse.jetty.server.AbstractNetworkConnector.doStart(AbstractNetworkConnector.java:80)
	at org.eclipse.jetty.server.ServerConnector.doStart(ServerConnector.java:234)
	at org.eclipse.jetty.util.component.AbstractLifeCycle.start(AbstractLifeCycle.java:73)
	at org.eclipse.jetty.server.Server.doStart(Server.java:401)
	at org.eclipse.jetty.util.component.AbstractLifeCycle.start(AbstractLifeCycle.java:73)
	at org.apache.zookeeper.server.admin.JettyAdminServer.start(JettyAdminServer.java:185)
	... 4 common frames omitted
Caused by: java.net.BindException: Address already in use
	at java.base/sun.nio.ch.Net.bind0(Native Method)
	at java.base/sun.nio.ch.Net.bind(Net.java:565)
	at java.base/sun.nio.ch.ServerSocketChannelImpl.netBind(ServerSocketChannelImpl.java:344)
	at java.base/sun.nio.ch.ServerSocketChannelImpl.bind(ServerSocketChannelImpl.java:301)
	at java.base/sun.nio.ch.ServerSocketAdaptor.bind(ServerSocketAdaptor.java:89)
	at org.eclipse.jetty.server.ServerConnector.openAcceptChannel(ServerConnector.java:344)
	... 11 common frames omitted
2024-11-30 12:58:43,562 [myid:2] - INFO  [main:o.a.z.s.q.QuorumPeer@2591] - Using 10000ms as the quorum cnxn socket timeout
2024-11-30 12:58:43,570 [myid:2] - INFO  [main:o.a.z.s.q.QuorumCnxManager$Listener@924] - Election port bind maximum retries is 3
2024-11-30 12:58:43,571 [myid:2] - INFO  [main:o.a.z.s.q.FastLeaderElection@90] - zookeeper.fastleader.minNotificationInterval = 200 ms
2024-11-30 12:58:43,572 [myid:2] - INFO  [main:o.a.z.s.q.FastLeaderElection@92] - zookeeper.fastleader.maxNotificationInterval = 60000 ms
2024-11-30 12:58:43,572 [myid:] - INFO  [ListenerHandler-tr-open-14.cs.mcgill.ca/10.69.38.164:22320:o.a.z.s.q.QuorumCnxManager$Listener$ListenerHandler@1071] - 2 is accepting connections now, my election bind port: tr-open-14.cs.mcgill.ca/10.69.38.164:22320
2024-11-30 12:58:43,576 [myid:2] - INFO  [main:o.a.z.a.ZKAuditProvider@42] - ZooKeeper audit is disabled.
2024-11-30 12:58:43,580 [myid:] - INFO  [QuorumPeer[myid=2](plain=[0:0:0:0:0:0:0:0]:21820)(secure=disabled):o.a.z.s.q.QuorumPeer@1455] - LOOKING
2024-11-30 12:58:43,581 [myid:] - INFO  [QuorumPeer[myid=2](plain=[0:0:0:0:0:0:0:0]:21820)(secure=disabled):o.a.z.s.q.FastLeaderElection@946] - New election. My id = 2, proposed zxid=0x100000004
2024-11-30 12:58:43,585 [myid:] - INFO  [WorkerReceiver[myid=2]:o.a.z.s.q.FastLeaderElection$Messenger$WorkerReceiver@391] - Notification: my state:LOOKING; n.sid:2, n.state:LOOKING, n.leader:2, n.round:0x1, n.peerEpoch:0x2, n.zxid:0x100000004, message format version:0x2, n.config version:0x0
2024-11-30 12:58:43,587 [myid:] - INFO  [QuorumConnectionThread-[myid=2]-2:o.a.z.s.q.QuorumCnxManager@514] - Have smaller server identifier, so dropping the connection: (myId:2 --> sid:3)
2024-11-30 12:58:43,590 [myid:] - INFO  [ListenerHandler-tr-open-14.cs.mcgill.ca/10.69.38.164:22320:o.a.z.s.q.QuorumCnxManager$Listener$ListenerHandler@1076] - Received connection request from /10.69.38.162:52314
2024-11-30 12:58:43,593 [myid:] - INFO  [WorkerReceiver[myid=2]:o.a.z.s.q.FastLeaderElection$Messenger$WorkerReceiver@391] - Notification: my state:LOOKING; n.sid:1, n.state:FOLLOWING, n.leader:3, n.round:0x4, n.peerEpoch:0x3, n.zxid:0x100000004, message format version:0x2, n.config version:0x0
2024-11-30 12:58:43,593 [myid:] - INFO  [WorkerReceiver[myid=2]:o.a.z.s.q.FastLeaderElection$Messenger$WorkerReceiver@391] - Notification: my state:LOOKING; n.sid:1, n.state:FOLLOWING, n.leader:3, n.round:0x4, n.peerEpoch:0x3, n.zxid:0x100000004, message format version:0x2, n.config version:0x0
2024-11-30 12:58:43,594 [myid:] - INFO  [WorkerReceiver[myid=2]:o.a.z.s.q.FastLeaderElection$Messenger$WorkerReceiver@391] - Notification: my state:LOOKING; n.sid:3, n.state:LEADING, n.leader:3, n.round:0x4, n.peerEpoch:0x3, n.zxid:0x100000004, message format version:0x2, n.config version:0x0
2024-11-30 12:58:43,596 [myid:] - INFO  [QuorumPeer[myid=2](plain=[0:0:0:0:0:0:0:0]:21820)(secure=disabled):o.a.z.s.q.QuorumPeer@903] - Peer state changed: following
2024-11-30 12:58:43,596 [myid:] - INFO  [WorkerReceiver[myid=2]:o.a.z.s.q.FastLeaderElection$Messenger$WorkerReceiver@391] - Notification: my state:LOOKING; n.sid:3, n.state:LEADING, n.leader:3, n.round:0x4, n.peerEpoch:0x3, n.zxid:0x100000004, message format version:0x2, n.config version:0x0
2024-11-30 12:58:43,597 [myid:] - WARN  [RecvWorker:1:o.a.z.s.q.QuorumCnxManager$RecvWorker@1402] - Connection broken for id 1, my id = 2
java.io.EOFException: null
	at java.base/java.io.DataInputStream.readFully(DataInputStream.java:210)
	at java.base/java.io.DataInputStream.readInt(DataInputStream.java:385)
	at org.apache.zookeeper.server.quorum.QuorumCnxManager$RecvWorker.run(QuorumCnxManager.java:1390)
2024-11-30 12:58:43,597 [myid:] - WARN  [RecvWorker:3:o.a.z.s.q.QuorumCnxManager$RecvWorker@1402] - Connection broken for id 3, my id = 2
java.io.EOFException: null
	at java.base/java.io.DataInputStream.readFully(DataInputStream.java:210)
	at java.base/java.io.DataInputStream.readInt(DataInputStream.java:385)
	at org.apache.zookeeper.server.quorum.QuorumCnxManager$RecvWorker.run(QuorumCnxManager.java:1390)
2024-11-30 12:58:43,597 [myid:] - WARN  [RecvWorker:1:o.a.z.s.q.QuorumCnxManager$RecvWorker@1408] - Interrupting SendWorker thread from RecvWorker. sid: 1. myId: 2
2024-11-30 12:58:43,597 [myid:] - WARN  [RecvWorker:3:o.a.z.s.q.QuorumCnxManager$RecvWorker@1408] - Interrupting SendWorker thread from RecvWorker. sid: 3. myId: 2
2024-11-30 12:58:43,597 [myid:] - INFO  [QuorumPeer[myid=2](plain=[0:0:0:0:0:0:0:0]:21820)(secure=disabled):o.a.z.s.q.QuorumPeer@1537] - FOLLOWING
2024-11-30 12:58:43,598 [myid:] - WARN  [SendWorker:3:o.a.z.s.q.QuorumCnxManager$SendWorker@1288] - Interrupted while waiting for message on queue
java.lang.InterruptedException: null
	at java.base/java.util.concurrent.locks.AbstractQueuedSynchronizer$ConditionObject.awaitNanos(AbstractQueuedSynchronizer.java:1770)
	at org.apache.zookeeper.util.CircularBlockingQueue.poll(CircularBlockingQueue.java:105)
	at org.apache.zookeeper.server.quorum.QuorumCnxManager.pollSendQueue(QuorumCnxManager.java:1453)
	at org.apache.zookeeper.server.quorum.QuorumCnxManager.access$900(QuorumCnxManager.java:99)
	at org.apache.zookeeper.server.quorum.QuorumCnxManager$SendWorker.run(QuorumCnxManager.java:1277)
2024-11-30 12:58:43,598 [myid:] - WARN  [SendWorker:1:o.a.z.s.q.QuorumCnxManager$SendWorker@1288] - Interrupted while waiting for message on queue
java.lang.InterruptedException: null
	at java.base/java.util.concurrent.locks.AbstractQueuedSynchronizer$ConditionObject.awaitNanos(AbstractQueuedSynchronizer.java:1770)
	at org.apache.zookeeper.util.CircularBlockingQueue.poll(CircularBlockingQueue.java:105)
	at org.apache.zookeeper.server.quorum.QuorumCnxManager.pollSendQueue(QuorumCnxManager.java:1453)
	at org.apache.zookeeper.server.quorum.QuorumCnxManager.access$900(QuorumCnxManager.java:99)
	at org.apache.zookeeper.server.quorum.QuorumCnxManager$SendWorker.run(QuorumCnxManager.java:1277)
2024-11-30 12:58:43,599 [myid:] - WARN  [SendWorker:3:o.a.z.s.q.QuorumCnxManager$SendWorker@1300] - Send worker leaving thread id 3 my id = 2
2024-11-30 12:58:43,599 [myid:] - WARN  [SendWorker:1:o.a.z.s.q.QuorumCnxManager$SendWorker@1300] - Send worker leaving thread id 1 my id = 2
2024-11-30 12:58:43,600 [myid:] - INFO  [QuorumPeer[myid=2](plain=[0:0:0:0:0:0:0:0]:21820)(secure=disabled):o.a.z.s.q.Learner@130] - leaderConnectDelayDuringRetryMs: 100
2024-11-30 12:58:43,600 [myid:] - INFO  [QuorumPeer[myid=2](plain=[0:0:0:0:0:0:0:0]:21820)(secure=disabled):o.a.z.s.q.Learner@131] - TCP NoDelay set to: true
2024-11-30 12:58:43,600 [myid:] - INFO  [QuorumPeer[myid=2](plain=[0:0:0:0:0:0:0:0]:21820)(secure=disabled):o.a.z.s.q.Learner@132] - zookeeper.learner.asyncSending = false
2024-11-30 12:58:43,600 [myid:] - INFO  [QuorumPeer[myid=2](plain=[0:0:0:0:0:0:0:0]:21820)(secure=disabled):o.a.z.s.q.Learner@133] - zookeeper.learner.closeSocketAsync = false
2024-11-30 12:58:43,601 [myid:] - INFO  [QuorumPeer[myid=2](plain=[0:0:0:0:0:0:0:0]:21820)(secure=disabled):o.a.z.s.BlueThrottle@141] - Weighed connection throttling is disabled
2024-11-30 12:58:43,602 [myid:] - INFO  [QuorumPeer[myid=2](plain=[0:0:0:0:0:0:0:0]:21820)(secure=disabled):o.a.z.s.ZooKeeperServer@1311] - minSessionTimeout set to 4000 ms
2024-11-30 12:58:43,603 [myid:] - INFO  [QuorumPeer[myid=2](plain=[0:0:0:0:0:0:0:0]:21820)(secure=disabled):o.a.z.s.ZooKeeperServer@1320] - maxSessionTimeout set to 40000 ms
2024-11-30 12:58:43,604 [myid:] - INFO  [QuorumPeer[myid=2](plain=[0:0:0:0:0:0:0:0]:21820)(secure=disabled):o.a.z.s.ResponseCache@45] - getData response cache size is initialized with value 400.
2024-11-30 12:58:43,605 [myid:] - INFO  [QuorumPeer[myid=2](plain=[0:0:0:0:0:0:0:0]:21820)(secure=disabled):o.a.z.s.ResponseCache@45] - getChildren response cache size is initialized with value 400.
2024-11-30 12:58:43,606 [myid:] - INFO  [QuorumPeer[myid=2](plain=[0:0:0:0:0:0:0:0]:21820)(secure=disabled):o.a.z.s.u.RequestPathMetricsCollector@109] - zookeeper.pathStats.slotCapacity = 60
2024-11-30 12:58:43,606 [myid:] - INFO  [QuorumPeer[myid=2](plain=[0:0:0:0:0:0:0:0]:21820)(secure=disabled):o.a.z.s.u.RequestPathMetricsCollector@110] - zookeeper.pathStats.slotDuration = 15
2024-11-30 12:58:43,606 [myid:] - INFO  [QuorumPeer[myid=2](plain=[0:0:0:0:0:0:0:0]:21820)(secure=disabled):o.a.z.s.u.RequestPathMetricsCollector@111] - zookeeper.pathStats.maxDepth = 6
2024-11-30 12:58:43,606 [myid:] - INFO  [QuorumPeer[myid=2](plain=[0:0:0:0:0:0:0:0]:21820)(secure=disabled):o.a.z.s.u.RequestPathMetricsCollector@112] - zookeeper.pathStats.initialDelay = 5
2024-11-30 12:58:43,606 [myid:] - INFO  [QuorumPeer[myid=2](plain=[0:0:0:0:0:0:0:0]:21820)(secure=disabled):o.a.z.s.u.RequestPathMetricsCollector@113] - zookeeper.pathStats.delay = 5
2024-11-30 12:58:43,606 [myid:] - INFO  [QuorumPeer[myid=2](plain=[0:0:0:0:0:0:0:0]:21820)(secure=disabled):o.a.z.s.u.RequestPathMetricsCollector@114] - zookeeper.pathStats.enabled = false
2024-11-30 12:58:43,609 [myid:] - INFO  [QuorumPeer[myid=2](plain=[0:0:0:0:0:0:0:0]:21820)(secure=disabled):o.a.z.s.ZooKeeperServer@1547] - The max bytes for all large requests are set to 104857600
2024-11-30 12:58:43,609 [myid:] - INFO  [QuorumPeer[myid=2](plain=[0:0:0:0:0:0:0:0]:21820)(secure=disabled):o.a.z.s.ZooKeeperServer@1561] - The large request threshold is set to -1
2024-11-30 12:58:43,609 [myid:] - INFO  [QuorumPeer[myid=2](plain=[0:0:0:0:0:0:0:0]:21820)(secure=disabled):o.a.z.s.AuthenticationHelper@66] - zookeeper.enforce.auth.enabled = false
2024-11-30 12:58:43,611 [myid:] - INFO  [QuorumPeer[myid=2](plain=[0:0:0:0:0:0:0:0]:21820)(secure=disabled):o.a.z.s.AuthenticationHelper@67] - zookeeper.enforce.auth.schemes = []
2024-11-30 12:58:43,611 [myid:] - INFO  [QuorumPeer[myid=2](plain=[0:0:0:0:0:0:0:0]:21820)(secure=disabled):o.a.z.s.ZooKeeperServer@376] - Created server with tickTime 2000 ms minSessionTimeout 4000 ms maxSessionTimeout 40000 ms clientPortListenBacklog -1 datadir ./data/version-2 snapdir ./data/version-2
2024-11-30 12:58:43,611 [myid:] - INFO  [QuorumPeer[myid=2](plain=[0:0:0:0:0:0:0:0]:21820)(secure=disabled):o.a.z.s.q.Follower@77] - FOLLOWING - LEADER ELECTION TOOK - 31 MS
2024-11-30 12:58:43,614 [myid:] - INFO  [QuorumPeer[myid=2](plain=[0:0:0:0:0:0:0:0]:21820)(secure=disabled):o.a.z.s.q.QuorumPeer@917] - Peer state changed: following - discovery
2024-11-30 12:58:43,616 [myid:] - INFO  [LeaderConnector-tr-open-12.cs.mcgill.ca/10.69.38.162:22220:o.a.z.s.q.Learner$LeaderConnector@384] - Successfully connected to leader, using address: tr-open-12.cs.mcgill.ca/10.69.38.162:22220
2024-11-30 12:58:43,622 [myid:] - INFO  [QuorumPeer[myid=2](plain=[0:0:0:0:0:0:0:0]:21820)(secure=disabled):o.a.z.s.q.QuorumPeer@917] - Peer state changed: following - synchronization
2024-11-30 12:58:43,630 [myid:] - INFO  [QuorumPeer[myid=2](plain=[0:0:0:0:0:0:0:0]:21820)(secure=disabled):o.a.z.s.q.QuorumPeer@922] - Peer state changed: following - synchronization - snap
2024-11-30 12:58:43,630 [myid:] - INFO  [QuorumPeer[myid=2](plain=[0:0:0:0:0:0:0:0]:21820)(secure=disabled):o.a.z.s.q.Learner@576] - Getting a snapshot from leader 0x300000000
2024-11-30 12:58:43,631 [myid:] - INFO  [QuorumPeer[myid=2](plain=[0:0:0:0:0:0:0:0]:21820)(secure=disabled):o.a.z.s.w.WatchManagerFactory@42] - Using org.apache.zookeeper.server.watch.WatchManager as watch manager
2024-11-30 12:58:43,631 [myid:] - INFO  [QuorumPeer[myid=2](plain=[0:0:0:0:0:0:0:0]:21820)(secure=disabled):o.a.z.s.w.WatchManagerFactory@42] - Using org.apache.zookeeper.server.watch.WatchManager as watch manager
2024-11-30 12:58:43,634 [myid:] - INFO  [QuorumPeer[myid=2](plain=[0:0:0:0:0:0:0:0]:21820)(secure=disabled):o.a.z.s.q.Learner@737] - Learner received NEWLEADER message
2024-11-30 12:58:43,634 [myid:] - INFO  [QuorumPeer[myid=2](plain=[0:0:0:0:0:0:0:0]:21820)(secure=disabled):o.a.z.s.q.QuorumPeer@1892] - Dynamic reconfig is disabled, we don't store the last seen config.
2024-11-30 12:58:43,635 [myid:] - INFO  [QuorumPeer[myid=2](plain=[0:0:0:0:0:0:0:0]:21820)(secure=disabled):o.a.z.s.p.FileTxnSnapLog@479] - Snapshotting: 0x300000000 to ./data/version-2/snapshot.300000000
2024-11-30 12:58:43,641 [myid:] - INFO  [QuorumPeer[myid=2](plain=[0:0:0:0:0:0:0:0]:21820)(secure=disabled):o.a.z.s.ZooKeeperServer@558] - Snapshot taken in 6 ms
2024-11-30 12:58:43,646 [myid:] - INFO  [QuorumPeer[myid=2](plain=[0:0:0:0:0:0:0:0]:21820)(secure=disabled):o.a.z.s.q.QuorumPeer@922] - Peer state changed: following - synchronization
2024-11-30 12:58:43,649 [myid:] - INFO  [QuorumPeer[myid=2](plain=[0:0:0:0:0:0:0:0]:21820)(secure=disabled):o.a.z.s.q.CommitProcessor@490] - Configuring CommitProcessor with readBatchSize -1 commitBatchSize 1
2024-11-30 12:58:43,649 [myid:] - INFO  [QuorumPeer[myid=2](plain=[0:0:0:0:0:0:0:0]:21820)(secure=disabled):o.a.z.s.q.CommitProcessor@451] - Configuring CommitProcessor with 8 worker threads.
2024-11-30 12:58:43,650 [myid:] - INFO  [QuorumPeer[myid=2](plain=[0:0:0:0:0:0:0:0]:21820)(secure=disabled):o.a.z.s.q.FollowerRequestProcessor@59] - Initialized FollowerRequestProcessor with zookeeper.follower.skipLearnerRequestToNextProcessor as false
2024-11-30 12:58:43,651 [myid:] - INFO  [QuorumPeer[myid=2](plain=[0:0:0:0:0:0:0:0]:21820)(secure=disabled):o.a.z.s.RequestThrottler@75] - zookeeper.request_throttler.shutdownTimeout = 10000 ms
2024-11-30 12:58:43,660 [myid:] - INFO  [QuorumPeer[myid=2](plain=[0:0:0:0:0:0:0:0]:21820)(secure=disabled):o.a.z.s.q.Learner@721] - Learner received UPTODATE message
2024-11-30 12:58:43,660 [myid:] - INFO  [QuorumPeer[myid=2](plain=[0:0:0:0:0:0:0:0]:21820)(secure=disabled):o.a.z.s.q.QuorumPeer@917] - Peer state changed: following - broadcast
2024-11-30 13:10:06,041 [myid:] - INFO  [ListenerHandler-tr-open-14.cs.mcgill.ca/10.69.38.164:22320:o.a.z.s.q.QuorumCnxManager$Listener$ListenerHandler@1076] - Received connection request from /10.69.38.160:37560
2024-11-30 13:10:06,050 [myid:] - INFO  [WorkerReceiver[myid=2]:o.a.z.s.q.FastLeaderElection$Messenger$WorkerReceiver@391] - Notification: my state:FOLLOWING; n.sid:1, n.state:LOOKING, n.leader:1, n.round:0x1, n.peerEpoch:0x3, n.zxid:0x100000004, message format version:0x2, n.config version:0x0
2024-11-30 13:10:06,051 [myid:] - INFO  [WorkerReceiver[myid=2]:o.a.z.s.q.FastLeaderElection$Messenger$WorkerReceiver@391] - Notification: my state:FOLLOWING; n.sid:1, n.state:LOOKING, n.leader:1, n.round:0x4, n.peerEpoch:0x3, n.zxid:0x100000004, message format version:0x2, n.config version:0x0
2024-11-30 13:10:06,052 [myid:] - INFO  [WorkerReceiver[myid=2]:o.a.z.s.q.FastLeaderElection$Messenger$WorkerReceiver@391] - Notification: my state:FOLLOWING; n.sid:1, n.state:LOOKING, n.leader:1, n.round:0x4, n.peerEpoch:0x3, n.zxid:0x100000004, message format version:0x2, n.config version:0x0
2024-11-30 13:10:06,483 [myid:] - INFO  [WorkerReceiver[myid=2]:o.a.z.s.q.FastLeaderElection$Messenger$WorkerReceiver@391] - Notification: my state:FOLLOWING; n.sid:1, n.state:LOOKING, n.leader:1, n.round:0x5, n.peerEpoch:0x3, n.zxid:0x100000004, message format version:0x2, n.config version:0x0
2024-11-30 13:10:06,906 [myid:] - INFO  [WorkerReceiver[myid=2]:o.a.z.s.q.FastLeaderElection$Messenger$WorkerReceiver@391] - Notification: my state:FOLLOWING; n.sid:1, n.state:LOOKING, n.leader:1, n.round:0x5, n.peerEpoch:0x3, n.zxid:0x100000004, message format version:0x2, n.config version:0x0
2024-11-30 13:10:07,340 [myid:] - INFO  [WorkerReceiver[myid=2]:o.a.z.s.q.FastLeaderElection$Messenger$WorkerReceiver@391] - Notification: my state:FOLLOWING; n.sid:1, n.state:LOOKING, n.leader:1, n.round:0x5, n.peerEpoch:0x3, n.zxid:0x100000004, message format version:0x2, n.config version:0x0
2024-11-30 13:10:07,772 [myid:] - INFO  [WorkerReceiver[myid=2]:o.a.z.s.q.FastLeaderElection$Messenger$WorkerReceiver@391] - Notification: my state:FOLLOWING; n.sid:1, n.state:LOOKING, n.leader:1, n.round:0x5, n.peerEpoch:0x3, n.zxid:0x100000004, message format version:0x2, n.config version:0x0
2024-11-30 13:10:08,201 [myid:] - INFO  [WorkerReceiver[myid=2]:o.a.z.s.q.FastLeaderElection$Messenger$WorkerReceiver@391] - Notification: my state:FOLLOWING; n.sid:1, n.state:LOOKING, n.leader:1, n.round:0x5, n.peerEpoch:0x3, n.zxid:0x100000004, message format version:0x2, n.config version:0x0
2024-11-30 13:10:08,556 [myid:] - WARN  [RecvWorker:1:o.a.z.s.q.QuorumCnxManager$RecvWorker@1402] - Connection broken for id 1, my id = 2
java.io.EOFException: null
	at java.base/java.io.DataInputStream.readFully(DataInputStream.java:210)
	at java.base/java.io.DataInputStream.readInt(DataInputStream.java:385)
	at org.apache.zookeeper.server.quorum.QuorumCnxManager$RecvWorker.run(QuorumCnxManager.java:1390)
2024-11-30 13:10:08,556 [myid:] - WARN  [RecvWorker:1:o.a.z.s.q.QuorumCnxManager$RecvWorker@1408] - Interrupting SendWorker thread from RecvWorker. sid: 1. myId: 2
2024-11-30 13:10:08,557 [myid:] - WARN  [SendWorker:1:o.a.z.s.q.QuorumCnxManager$SendWorker@1288] - Interrupted while waiting for message on queue
java.lang.InterruptedException: null
	at java.base/java.util.concurrent.locks.AbstractQueuedSynchronizer$ConditionObject.awaitNanos(AbstractQueuedSynchronizer.java:1770)
	at org.apache.zookeeper.util.CircularBlockingQueue.poll(CircularBlockingQueue.java:105)
	at org.apache.zookeeper.server.quorum.QuorumCnxManager.pollSendQueue(QuorumCnxManager.java:1453)
	at org.apache.zookeeper.server.quorum.QuorumCnxManager.access$900(QuorumCnxManager.java:99)
	at org.apache.zookeeper.server.quorum.QuorumCnxManager$SendWorker.run(QuorumCnxManager.java:1277)
2024-11-30 13:10:08,558 [myid:] - WARN  [SendWorker:1:o.a.z.s.q.QuorumCnxManager$SendWorker@1300] - Send worker leaving thread id 1 my id = 2
2024-11-30 13:25:53,406 [myid:] - WARN  [QuorumPeer[myid=2](plain=[0:0:0:0:0:0:0:0]:21820)(secure=disabled):o.a.z.s.q.Follower@169] - Got zxid 0x300000001 expected 0x1
2024-11-30 13:25:53,408 [myid:] - INFO  [SyncThread:2:o.a.z.s.p.FileTxnLog@285] - Creating new log file: log.300000001
2024-11-30 13:25:53,418 [myid:] - INFO  [CommitProcessor:2:o.a.z.s.q.LearnerSessionTracker@116] - Committing global session 0x300356af4770000
2024-11-30 13:26:51,681 [myid:] - INFO  [CommitProcessor:2:o.a.z.s.q.LearnerSessionTracker@116] - Committing global session 0x300356af4770001
